<?xml version="1.0" encoding="UTF-8"?>
<!-- Generated by org.testng.reporters.JUnitXMLReporter -->
<testsuite ignored="4" hostname="LIN51015636" failures="0" tests="0" time="0.018" errors="0" timestamp="2022-11-02T20:14:59 IST">
  <testcase classname="com.onecat.qa.testcases.HomePageTest" name="OneCatLogoImageTest" time="0.0">
    <ignored/>
  </testcase> <!-- OneCatLogoImageTest -->
  <testcase classname="com.onecat.qa.testcases.AddThirdPartySupplierTest" name="Create_3P_supplier" time="0.0">
    <ignored/>
  </testcase> <!-- Create_3P_supplier -->
  <testcase classname="com.onecat.qa.testcases.HomePageTest" name="HomePageTitleTest" time="0.0">
    <ignored/>
  </testcase> <!-- HomePageTitleTest -->
  <testcase classname="com.onecat.qa.testcases.HomePageTest" name="clickOnImcsTab_Test" time="0.0">
    <ignored/>
  </testcase> <!-- clickOnImcsTab_Test -->
</testsuite>
