<?xml version="1.0" encoding="UTF-8"?>
<!-- Generated by org.testng.reporters.JUnitXMLReporter -->
<testsuite ignored="1" hostname="LIN51015636" failures="2" tests="2" name="Loan" time="0.06" errors="0" timestamp="2022-11-04T21:36:26 IST">
  <testcase classname="com.onecat.qa.testcases.HomePageTest" name="HomePageTitleTest" time="0.011">
    <failure type="java.lang.NullPointerException" message="Cannot invoke &amp;quot;com.onecat.qa.pages.HomePage.validateHomePageTitle()&amp;quot; because &amp;quot;this.homePage&amp;quot; is null">
      <![CDATA[java.lang.NullPointerException: Cannot invoke "com.onecat.qa.pages.HomePage.validateHomePageTitle()" because "this.homePage" is null
at com.onecat.qa.testcases.HomePageTest.HomePageTitleTest(HomePageTest.java:35)
at java.base/java.util.ArrayList.forEach(ArrayList.java:1511)
... Removed 27 stack frames]]>
    </failure>
  </testcase> <!-- HomePageTitleTest -->
  <testcase classname="com.onecat.qa.testcases.HomePageTest" name="OneCatLogoImageTest" time="0.003">
    <failure type="java.lang.NullPointerException" message="Cannot invoke &amp;quot;com.onecat.util.TestUtil.switchToFrame()&amp;quot; because &amp;quot;this.testUtil&amp;quot; is null">
      <![CDATA[java.lang.NullPointerException: Cannot invoke "com.onecat.util.TestUtil.switchToFrame()" because "this.testUtil" is null
at com.onecat.qa.testcases.HomePageTest.OneCatLogoImageTest(HomePageTest.java:43)
at java.base/java.util.ArrayList.forEach(ArrayList.java:1511)
... Removed 27 stack frames]]>
    </failure>
  </testcase> <!-- OneCatLogoImageTest -->
  <testcase classname="com.onecat.qa.testcases.HomePageTest" name="clickOnImcsTab_Test" time="0.0">
    <ignored/>
  </testcase> <!-- clickOnImcsTab_Test -->
</testsuite> <!-- Loan -->
